<?xml version="1.0" encoding="UTF-8"?>
<!-- Generated by org.testng.reporters.JUnitReportReporter -->
<testsuite hostname="LAPTOP-HEGI0R39" failures="0" tests="2" name="qaclicacademy.Selenium" time="0.003" errors="0" timestamp="2022-08-14T12:56:14 IST" skipped="0">
  <testcase classname="qaclicacademy.Selenium" name="elementsUI" time="0.002"/>
  <system-out/>
  <testcase classname="qaclicacademy.Selenium" name="BrowserAutomation" time="0.001"/>
  <system-out/>
</testsuite> <!-- qaclicacademy.Selenium -->
