<?xml version="1.0" encoding="UTF-8"?>
<!-- Generated by org.testng.reporters.JUnitReportReporter -->
<testsuite hostname="LAPTOP-HEGI0R39" failures="0" tests="1" name="qaclicacademy.RestAPITest" time="0.013" errors="0" timestamp="2022-08-19T13:03:21 IST" skipped="0">
  <testcase classname="qaclicacademy.RestAPITest" name="postJeera" time="0.013"/>
  <system-out/>
</testsuite> <!-- qaclicacademy.RestAPITest -->
