<?xml version="1.0" encoding="UTF-8"?>
<!-- Generated by org.testng.reporters.JUnitReportReporter -->
<testsuite hostname="LAPTOP-HEGI0R39" failures="0" tests="2" name="qaclicacademy.RestAPITest" time="0.015" errors="0" timestamp="2022-08-14T12:56:14 IST" skipped="0">
  <testcase classname="qaclicacademy.RestAPITest" name="postJeera" time="0.004"/>
  <system-out/>
  <testcase classname="qaclicacademy.RestAPITest" name="TwitterOpen" time="0.011"/>
  <system-out/>
</testsuite> <!-- qaclicacademy.RestAPITest -->
