<?xml version="1.0" encoding="UTF-8"?>
<!-- Generated by org.testng.reporters.JUnitReportReporter -->
<testsuite hostname="LAPTOP-HEGI0R39" failures="0" tests="2" name="qaclicacademy.AppiumTest" time="0.003" errors="0" timestamp="2022-08-19T13:17:40 IST" skipped="0">
  <testcase classname="qaclicacademy.AppiumTest" name="IosApps" time="0.002"/>
  <system-out/>
  <testcase classname="qaclicacademy.AppiumTest" name="AndroidApp" time="0.001"/>
  <system-out/>
</testsuite> <!-- qaclicacademy.AppiumTest -->
